Using pre-set license
Built from '2020.3/release' branch; Version is '2020.3.15f2 (6cf78cb77498) revision 7141260'; Using compiler version '192528614'; Build Type 'Release'
OS: 'Windows 10 Pro; OS build 19042.1288; Version 2009; 64bit' Language: 'zh' Physical Memory: 28524 MB
BatchMode: 1, IsHumanControllingUs: 0, StartBugReporterOnCrash: 0, Is64bit: 1, IsPro: 0

 COMMAND LINE ARGUMENTS:
D:\ProgramFiles\Unity\2020.3.15f2\Editor\Unity.exe
-adb2
-batchMode
-noUpm
-name
AssetImportWorker0
-projectPath
D:/2021Fall/CSCI426/Week10/CSCI426Prototype8/CSCI426Prototype8
-logFile
Logs/AssetImportWorker0.log
-srvPort
61067
Successfully changed project path to: D:/2021Fall/CSCI426/Week10/CSCI426Prototype8/CSCI426Prototype8
D:/2021Fall/CSCI426/Week10/CSCI426Prototype8/CSCI426Prototype8
Using Asset Import Pipeline V2.
Refreshing native plugins compatible for Editor in 58.04 ms, found 2 plugins.
Preloading 0 native plugins for Editor in 0.00 ms.
Initialize engine version: 2020.3.15f2 (6cf78cb77498)
[Subsystems] Discovering subsystems at path D:/ProgramFiles/Unity/2020.3.15f2/Editor/Data/Resources/UnitySubsystems
[Subsystems] Discovering subsystems at path D:/2021Fall/CSCI426/Week10/CSCI426Prototype8/CSCI426Prototype8/Assets
GfxDevice: creating device client; threaded=0
Direct3D:
    Version:  Direct3D 11.0 [level 11.1]
    Renderer: NVIDIA GeForce RTX 3080 Laptop GPU (ID=0x24dc)
    Vendor:   
    VRAM:     16201 MB
    Driver:   30.0.14.7219
Shader 'Universal Render Pipeline/Particles/Lit': fallback shader 'Universal Render Pipeline/Particles/SimpleLit' not found
Initialize mono
Mono path[0] = 'D:/ProgramFiles/Unity/2020.3.15f2/Editor/Data/Managed'
Mono path[1] = 'D:/ProgramFiles/Unity/2020.3.15f2/Editor/Data/MonoBleedingEdge/lib/mono/unityjit'
Mono config path = 'D:/ProgramFiles/Unity/2020.3.15f2/Editor/Data/MonoBleedingEdge/etc'
Using monoOptions --debugger-agent=transport=dt_socket,embedding=1,server=y,suspend=n,address=127.0.0.1:56280
Begin MonoManager ReloadAssembly
Registering precompiled unity dll's ...
Register platform support module: D:/ProgramFiles/Unity/2020.3.15f2/Editor/Data/PlaybackEngines/WebGLSupport/UnityEditor.WebGL.Extensions.dll
Register platform support module: D:/ProgramFiles/Unity/2020.3.15f2/Editor/Data/PlaybackEngines/MacStandaloneSupport/UnityEditor.OSXStandalone.Extensions.dll
Register platform support module: D:/ProgramFiles/Unity/2020.3.15f2/Editor/Data/PlaybackEngines/WindowsStandaloneSupport/UnityEditor.WindowsStandalone.Extensions.dll
Registered in 0.001532 seconds.
Native extension for WindowsStandalone target not found
Native extension for OSXStandalone target not found
Native extension for WebGL target not found
Refreshing native plugins compatible for Editor in 66.10 ms, found 2 plugins.
Preloading 0 native plugins for Editor in 0.00 ms.
Mono: successfully reloaded assembly
- Completed reload, in  1.185 seconds
Domain Reload Profiling:
	ReloadAssembly (1185ms)
		BeginReloadAssembly (67ms)
			ExecutionOrderSort (0ms)
			DisableScriptedObjects (0ms)
			BackupInstance (0ms)
			ReleaseScriptingObjects (0ms)
			CreateAndSetChildDomain (1ms)
		EndReloadAssembly (456ms)
			LoadAssemblies (67ms)
			RebuildTransferFunctionScriptingTraits (0ms)
			SetupTypeCache (142ms)
			ReleaseScriptCaches (0ms)
			RebuildScriptCaches (31ms)
			SetupLoadedEditorAssemblies (204ms)
				LogAssemblyErrors (0ms)
				InitializePlatformSupportModulesInManaged (6ms)
				SetLoadedEditorAssemblies (0ms)
				RefreshPlugins (66ms)
				BeforeProcessingInitializeOnLoad (12ms)
				ProcessInitializeOnLoadAttributes (91ms)
				ProcessInitializeOnLoadMethodAttributes (28ms)
				AfterProcessingInitializeOnLoad (0ms)
				EditorAssembliesLoaded (0ms)
			ExecutionOrderSort2 (0ms)
			AwakeInstancesAfterBackupRestoration (0ms)
Platform modules already initialized, skipping
Registering precompiled user dll's ...
Registered in 0.004129 seconds.
Begin MonoManager ReloadAssembly
Native extension for WindowsStandalone target not found
Native extension for OSXStandalone target not found
Native extension for WebGL target not found
Refreshing native plugins compatible for Editor in 62.17 ms, found 2 plugins.
Preloading 0 native plugins for Editor in 0.00 ms.
Mono: successfully reloaded assembly
- Completed reload, in  1.281 seconds
Domain Reload Profiling:
	ReloadAssembly (1282ms)
		BeginReloadAssembly (151ms)
			ExecutionOrderSort (0ms)
			DisableScriptedObjects (5ms)
			BackupInstance (0ms)
			ReleaseScriptingObjects (0ms)
			CreateAndSetChildDomain (19ms)
		EndReloadAssembly (1075ms)
			LoadAssemblies (110ms)
			RebuildTransferFunctionScriptingTraits (0ms)
			SetupTypeCache (296ms)
			ReleaseScriptCaches (1ms)
			RebuildScriptCaches (51ms)
			SetupLoadedEditorAssemblies (506ms)
				LogAssemblyErrors (0ms)
				InitializePlatformSupportModulesInManaged (6ms)
				SetLoadedEditorAssemblies (0ms)
				RefreshPlugins (62ms)
				BeforeProcessingInitializeOnLoad (108ms)
				ProcessInitializeOnLoadAttributes (323ms)
				ProcessInitializeOnLoadMethodAttributes (4ms)
				AfterProcessingInitializeOnLoad (2ms)
				EditorAssembliesLoaded (0ms)
			ExecutionOrderSort2 (0ms)
			AwakeInstancesAfterBackupRestoration (6ms)
Platform modules already initialized, skipping
========================================================================
Worker process is ready to serve import requests
Shader 'Universal Render Pipeline/Particles/Lit': fallback shader 'Universal Render Pipeline/Particles/SimpleLit' not found
Launched and connected shader compiler UnityShaderCompiler.exe after 0.05 seconds
Refreshing native plugins compatible for Editor in 0.75 ms, found 2 plugins.
Preloading 0 native plugins for Editor in 0.00 ms.
Unloading 3037 Unused Serialized files (Serialized files now loaded: 0)
System memory in use before: 133.9 MB.
System memory in use after: 134.1 MB.

Unloading 21 unused Assets to reduce memory usage. Loaded Objects now: 3478.
Total: 3.080400 ms (FindLiveObjects: 0.379600 ms CreateObjectMapping: 0.115200 ms MarkObjects: 2.547800 ms  DeleteObjects: 0.036700 ms)

AssetImportParameters requested are different than current active one (requested -> active):
  custom:framework-win-MediaFoundation: 216162199b28c13a410421893ffa2e32 -> 
  custom:video-decoder-ogg-theora: a1e56fd34408186e4bbccfd4996cb3dc -> 
  custom:container-muxer-webm: aa71ff27fc2769a1b78a27578f13a17b -> 
  custom:container-demuxer-webm: 4f35f7cbe854078d1ac9338744f61a02 -> 
  custom:container-demuxer-ogg: 62fdf1f143b41e24485cea50d1cbac27 -> 
  custom:video-encoder-webm-vp8: eb34c28f22e8b96e1ab97ce403110664 -> 
  custom:video-codec-MediaFoundation-h265: 746d11721c4dcdbdad8f713fa42b33f4 -> 
  custom:video-decoder-webm-vp8: 9c59270c3fd7afecdb556c50c9e8de78 -> 
  custom:audio-decoder-ogg-vorbis: bf7c407c2cedff20999df2af8eb42d56 -> 
  custom:audio-encoder-webm-vorbis: bf7c407c2cedff20999df2af8eb42d56 -> 
========================================================================
Received Import Request.
  path: Assets/SWS/SimpleWaypointSystem.pdf
  artifactKey: Guid(f8e1e296a13136b4694b98df9b698df0) Importer(815301076,1909f56bfc062723c751e8b465ee728b)
Start importing Assets/SWS/SimpleWaypointSystem.pdf using Guid(f8e1e296a13136b4694b98df9b698df0) Importer(815301076,1909f56bfc062723c751e8b465ee728b)  -> (artifact id: 'ccc2ada7e7e36583af096e1c88796a06') in 0.072083 seconds 
  Import took 0.077624 seconds .

========================================================================
Received Import Request.
  Time since last request: 934.295964 seconds.
  path: Assets/SWS/Scripts/Editor/CreateWPManager.cs
  artifactKey: Guid(12b1b14e605bba24390b9694e2d17adb) Importer(815301076,1909f56bfc062723c751e8b465ee728b)
Start importing Assets/SWS/Scripts/Editor/CreateWPManager.cs using Guid(12b1b14e605bba24390b9694e2d17adb) Importer(815301076,1909f56bfc062723c751e8b465ee728b)  -> (artifact id: 'a681833aa4da2080c6d20f75c0281af3') in 0.019663 seconds 
  Import took 0.029938 seconds .

========================================================================
Received Import Request.
  Time since last request: 0.053178 seconds.
  path: Assets/SWS/Scripts/Editor/CreateWPManager.cs
  artifactKey: Guid(12b1b14e605bba24390b9694e2d17adb) Importer(815301076,1909f56bfc062723c751e8b465ee728b)
Start importing Assets/SWS/Scripts/Editor/CreateWPManager.cs using Guid(12b1b14e605bba24390b9694e2d17adb) Importer(815301076,1909f56bfc062723c751e8b465ee728b)  -> (artifact id: 'a681833aa4da2080c6d20f75c0281af3') in 0.003886 seconds 
  Import took 0.013390 seconds .

========================================================================
Received Import Request.
  Time since last request: 0.892062 seconds.
  path: Assets/SWS/Changelog.txt
  artifactKey: Guid(06ef9dbb63cf54448a5ec7e2ee078090) Importer(815301076,1909f56bfc062723c751e8b465ee728b)
Start importing Assets/SWS/Changelog.txt using Guid(06ef9dbb63cf54448a5ec7e2ee078090) Importer(815301076,1909f56bfc062723c751e8b465ee728b)  -> (artifact id: '0b10fb086a92da04fc966b856efc5c27') in 0.014371 seconds 
  Import took 0.023536 seconds .

========================================================================
Received Import Request.
  Time since last request: 0.428727 seconds.
  path: Assets/SWS/README.txt
  artifactKey: Guid(44af9a41cb58e6a4d984a084050675d1) Importer(815301076,1909f56bfc062723c751e8b465ee728b)
Start importing Assets/SWS/README.txt using Guid(44af9a41cb58e6a4d984a084050675d1) Importer(815301076,1909f56bfc062723c751e8b465ee728b)  -> (artifact id: 'f890a409c17d7a72cf7ffbe0e7c63fff') in 0.012989 seconds 
  Import took 0.023629 seconds .

========================================================================
Received Import Request.
  Time since last request: 0.001878 seconds.
  path: Assets/SWS/README.txt
  artifactKey: Guid(44af9a41cb58e6a4d984a084050675d1) Importer(815301076,1909f56bfc062723c751e8b465ee728b)
Start importing Assets/SWS/README.txt using Guid(44af9a41cb58e6a4d984a084050675d1) Importer(815301076,1909f56bfc062723c751e8b465ee728b)  -> (artifact id: 'f890a409c17d7a72cf7ffbe0e7c63fff') in 0.003899 seconds 
  Import took 0.014309 seconds .

AssetImportWorkerClient::OnTransportError - code=2 error=End of file
